<?xml version="1.0" encoding="UTF-8"?>
<!-- Generated by org.testng.reporters.JUnitReportReporter -->
<testsuite skipped="0" hostname="HP-PC" name="com.sam.Chrome" tests="1" failures="0" timestamp="01 Jun 2020 01:45:34 GMT" time="25.966" errors="0">
  <testcase name="LaunchBrowser" time="25.966" classname="com.sam.Chrome"/>
</testsuite> <!-- com.sam.Chrome -->
