<?xml version="1.0" encoding="UTF-8"?>
<!-- Generated by org.testng.reporters.JUnitReportReporter -->
<testsuite skipped="1" hostname="HP-PC" name="com.sam.Deletetestng" tests="4" failures="0" timestamp="26 May 2020 01:28:33 GMT" time="38.968" errors="0">
  <testcase name="tc1" time="14.826" classname="com.sam.Deletetestng"/>
  <testcase name="tc3" time="12.079" classname="com.sam.Deletetestng"/>
  <testcase name="tc4" time="12.063" classname="com.sam.Deletetestng"/>
  <testcase name="tc2" classname="com.sam.Deletetestng">
    <skipped/>
  </testcase> <!-- tc2 -->
</testsuite> <!-- com.sam.Deletetestng -->
