<?xml version="1.0" encoding="UTF-8"?>
<!-- Generated by org.testng.reporters.JUnitReportReporter -->
<testsuite skipped="0" hostname="HP-PC" name="com.sam.Grouping" tests="3" failures="0" timestamp="26 May 2020 04:28:06 GMT" time="0.060" errors="0">
  <testcase name="mango" time="0.010" classname="com.sam.Grouping"/>
  <testcase name="orange" time="0.010" classname="com.sam.Grouping"/>
  <testcase name="Apple" time="0.040" classname="com.sam.Grouping"/>
</testsuite> <!-- com.sam.Grouping -->
